2021-06-08 13:53:09,941 INFO notifyConnectTimeout:200

2021-06-08 13:53:09,945 INFO notifySocketTimeout:8000

2021-06-08 13:53:09,946 INFO isHealthCheck:true

2021-06-08 13:53:09,946 INFO maxHealthCheckFailCount:12

2021-06-08 13:53:09,946 INFO maxContent:10485760

2021-06-08 13:53:09,949 INFO spring.datasource.platform:mysql

2021-06-08 13:53:27,599 WARN DumpService start

2021-06-08 13:53:27,601 INFO start clear all config-info.

2021-06-08 13:53:27,602 WARN clear all config-info failed.

2021-06-08 13:53:27,602 WARN clear all config-info-tenant failed.

2021-06-08 14:01:09,538 INFO notifyConnectTimeout:200

2021-06-08 14:01:09,542 INFO notifySocketTimeout:8000

2021-06-08 14:01:09,542 INFO isHealthCheck:true

2021-06-08 14:01:09,542 INFO maxHealthCheckFailCount:12

2021-06-08 14:01:09,542 INFO maxContent:10485760

2021-06-08 14:01:09,544 INFO spring.datasource.platform:mysql

2021-06-08 14:01:14,226 WARN DumpService start

2021-06-08 14:01:14,227 INFO start clear all config-info.

2021-06-08 14:01:14,228 WARN clear all config-info failed.

2021-06-08 14:01:14,228 WARN clear all config-info-tenant failed.

2021-06-08 14:01:14,233 INFO start clear all config-info-beta.

2021-06-08 14:01:14,234 WARN clear all config-info-beta failed.

2021-06-08 14:01:14,234 WARN clear all config-info-beta-tenant failed.

2021-06-08 14:01:14,236 INFO start clear all config-info-tag.

2021-06-08 14:01:14,236 WARN clear all config-info-tag failed.

2021-06-08 14:01:14,237 WARN clear all config-info-tag-tenant failed.

