
         ,--.
       ,--.'|
   ,--,:  : |                                           Nacos 2.0.1
,`--.'`|  ' :                       ,---.               Running in stand alone mode, All function modules
|   :  :  | |                      '   ,'\   .--.--.    Port: 8848
:   |   \ | :  ,--.--.     ,---.  /   /   | /  /    '   Pid: 32
|   : '  '; | /       \   /     \.   ; ,. :|  :  /`./   Console: http://f0f370828e19:8848/nacos/index.html
'   ' ;.    ;.--.  .-. | /    / ''   | |: :|  :  ;_
|   | | \   | \__\/: . ..    ' / '   | .; : \  \    `.      https://nacos.io
'   : |  ; .' ," .--.; |'   ; :__|   :    |  `----.   \
|   | '`--'  /  /  ,.  |'   | '.'|\   \  /  /  /`--'  /
'   : |     ;  :   .'   \   :    : `----'  '--'.     /
;   |.'     |  ,     .-./\   \  /            `--'---'
'---'        `--`---'     `----'

2021-06-15 17:31:27,796 INFO Bean 'org.springframework.security.access.expression.method.DefaultMethodSecurityExpressionHandler@6105f8a3' of type [org.springframework.security.access.expression.method.DefaultMethodSecurityExpressionHandler] is not eligible for getting processed by all BeanPostProcessors (for example: not eligible for auto-proxying)

2021-06-15 17:31:27,801 INFO Bean 'methodSecurityMetadataSource' of type [org.springframework.security.access.method.DelegatingMethodSecurityMetadataSource] is not eligible for getting processed by all BeanPostProcessors (for example: not eligible for auto-proxying)

2021-06-15 17:31:28,104 INFO Tomcat initialized with port(s): 8848 (http)

2021-06-15 17:31:28,395 INFO Root WebApplicationContext: initialization completed in 3696 ms

2021-06-15 17:31:31,670 INFO Initializing ExecutorService 'applicationTaskExecutor'

2021-06-15 17:31:31,780 INFO Adding welcome page: class path resource [static/index.html]

2021-06-15 17:31:32,125 INFO Creating filter chain: Ant [pattern='/**'], []

2021-06-15 17:31:32,160 INFO Creating filter chain: any request, [org.springframework.security.web.context.request.async.WebAsyncManagerIntegrationFilter@700f518a, org.springframework.security.web.context.SecurityContextPersistenceFilter@408e96d9, org.springframework.security.web.header.HeaderWriterFilter@2903c6ff, org.springframework.security.web.csrf.CsrfFilter@35764bef, org.springframework.security.web.authentication.logout.LogoutFilter@71ad3d8a, org.springframework.security.web.savedrequest.RequestCacheAwareFilter@168cd36b, org.springframework.security.web.servletapi.SecurityContextHolderAwareRequestFilter@602ae7b6, org.springframework.security.web.authentication.AnonymousAuthenticationFilter@b835727, org.springframework.security.web.session.SessionManagementFilter@37af1f93, org.springframework.security.web.access.ExceptionTranslationFilter@5d5160e6]

2021-06-15 17:31:32,252 INFO Initializing ExecutorService 'taskScheduler'

2021-06-15 17:31:32,276 INFO Exposing 16 endpoint(s) beneath base path '/actuator'

2021-06-15 17:31:32,389 INFO Tomcat started on port(s): 8848 (http) with context path '/nacos'

2021-06-15 17:31:32,395 INFO Nacos started successfully in stand alone mode. use external storage

2021-06-15 17:35:06,592 INFO Initializing Servlet 'dispatcherServlet'

2021-06-15 17:35:06,609 INFO Completed initialization in 16 ms

